46ee5af3-b128-407b-a081-861b9de4eebc:1751196537045:0:S:SET SERVEROUTPUT ON;
5f8ee64c-d188-4ae9-b5e9-41ef2d360283:1751196547193:26:S:INSERT INTO Customers VALUES (1, 'Vishal', 65, 8000, 'N');
f680ad6d-baad-4a0f-80df-d38f6c9096b7:1751196547460:13:S:INSERT INTO Customers VALUES (2, 'Sanjana', 45, 12000, 'N');
790f7631-d3e9-46c8-8d12-603cc2989608:1751196547678:12:S:INSERT INTO Customers VALUES (3, 'Keerthika', 70, 15000, 'N');
31db62b5-e972-46c8-a2ff-9bd10e8e36dc:1751196547996:10:S:INSERT INTO Loans VALUES (101, 1, 9.5, SYSDATE + 10);
6518c1da-f75e-4e84-a3e5-19706ebbf835:1751196548194:7:S:INSERT INTO Loans VALUES (102, 2, 10.0, SYSDATE + 45);
7a6c7157-196a-413a-8caf-08dd37dc57c8:1751196548329:8:S:INSERT INTO Loans VALUES (103, 3, 11.0, SYSDATE + 5);
e2a12bfa-5083-494a-a760-0b58f6ae56df:1751196548489:5:S:COMMIT;
cfc8949c-6ce1-4c1f-8f7d-81ec4c1a06fb:1751196552403:0:F:CREATE TABLE Customers (\n    CustomerID   NUMBER PRIMARY KEY,\n    Name         VARCHAR2(100),\n    Age          NUMBER,\n    Balance      NUMBER,\n    IsVIP        CHAR(1) DEFAULT 'N'\n);
23a861f5-e30f-49b3-9968-f51edc7f9719:1751196553318:0:F:CREATE TABLE Loans (\n    LoanID       NUMBER PRIMARY KEY,\n    CustomerID   NUMBER REFERENCES Customers(CustomerID),\n    InterestRate NUMBER,\n    DueDate      DATE\n);
961b420a-d366-47b9-b720-7f4a30000241:1751196564375:12:S:BEGIN\n    FOR customer_rec IN (\n        SELECT c.CustomerID, l.LoanID\n        FROM Customers c\n        JOIN Loans l ON c.CustomerID = l.CustomerID\n        WHERE c.Age > 60\n    ) LOOP\n        UPDATE Loans\n        SET InterestRate = InterestRate - 1\n        WHERE LoanID = customer_rec.LoanID;\n\n        DBMS_OUTPUT.PUT_LINE('1% discount applied to LoanID: ' || customer_rec.LoanID);\n    END LOOP;\nEND;\n/
94b13233-fa24-4d86-876a-09923c1ad6cd:1751196565683:9:S:BEGIN\n    FOR rec IN (\n        SELECT CustomerID FROM Customers WHERE Balance > 10000\n    ) LOOP\n        UPDATE Customers\n        SET IsVIP = 'Y'\n        WHERE CustomerID = rec.CustomerID;\n\n        DBMS_OUTPUT.PUT_LINE('VIP promoted: CustomerID ' || rec.CustomerID);\n    END LOOP;\nEND;\n/
5fe33977-30ad-4c7b-9257-eb3f3e26a852:1751196567932:4:S:BEGIN\n    FOR loan_rec IN (\n        SELECT l.LoanID, l.DueDate, c.Name\n        FROM Loans l\n        JOIN Customers c ON c.CustomerID = l.CustomerID\n        WHERE l.DueDate BETWEEN SYSDATE AND SYSDATE + 30\n    ) LOOP\n        DBMS_OUTPUT.PUT_LINE(\n            ' Reminder: Dear ' || loan_rec.Name || \n            ', your loan (ID: ' || loan_rec.LoanID || \n            ') is due on ' || TO_CHAR(loan_rec.DueDate, 'DD-Mon-YYYY')\n        );\n    END LOOP;\nEND;\n/
506af1bc-566c-4148-859b-11c60831ca48:1751196632589:0:S:set ECHO OFF
3e134b78-1e2b-4fd3-bb59-5b8d7ac07b5b:1751196635500:0:S:SET FEEDBACK OFF
016727ef-e438-406d-85fd-5202ded7c688:1751196638990:6:S:BEGIN\n    FOR customer_rec IN (\n        SELECT c.CustomerID, l.LoanID\n        FROM Customers c\n        JOIN Loans l ON c.CustomerID = l.CustomerID\n        WHERE c.Age > 60\n    ) LOOP\n        UPDATE Loans\n        SET InterestRate = InterestRate - 1\n        WHERE LoanID = customer_rec.LoanID;\n\n        DBMS_OUTPUT.PUT_LINE('1% discount applied to LoanID: ' || customer_rec.LoanID);\n    END LOOP;\nEND;\n/
c394fcdc-5df7-4c7e-9595-e42c384df8b5:1751196640045:5:S:BEGIN\n    FOR rec IN (\n        SELECT CustomerID FROM Customers WHERE Balance > 10000\n    ) LOOP\n        UPDATE Customers\n        SET IsVIP = 'Y'\n        WHERE CustomerID = rec.CustomerID;\n\n        DBMS_OUTPUT.PUT_LINE('VIP promoted: CustomerID ' || rec.CustomerID);\n    END LOOP;\nEND;\n/
f08b38e1-1d09-4781-85d1-1ca545a46d77:1751196642287:77:S:BEGIN\n    FOR loan_rec IN (\n        SELECT l.LoanID, l.DueDate, c.Name\n        FROM Loans l\n        JOIN Customers c ON c.CustomerID = l.CustomerID\n        WHERE l.DueDate BETWEEN SYSDATE AND SYSDATE + 30\n    ) LOOP\n        DBMS_OUTPUT.PUT_LINE(\n            ' Reminder: Dear ' || loan_rec.Name || \n            ', your loan (ID: ' || loan_rec.LoanID || \n            ') is due on ' || TO_CHAR(loan_rec.DueDate, 'DD-Mon-YYYY')\n        );\n    END LOOP;\nEND;\n/
ad3bb3b2-f1b1-400f-b74d-b085e6ce7a52:1751196673814:0:S:SET ECHO OFF;
1f41bf27-d615-4043-b18b-edb6ccaf9661:1751196673903:0:S:SET FEEDBACK OFF;
c49924c2-5883-4008-8d99-d8af7c2257d4:1751196675388:0:S:SET SERVEROUTPUT ON;
2d11ac2f-0931-40cb-afbd-8be48e3ae24b:1751196680363:4:S:BEGIN\n    FOR customer_rec IN (\n        SELECT c.CustomerID, l.LoanID\n        FROM Customers c\n        JOIN Loans l ON c.CustomerID = l.CustomerID\n        WHERE c.Age > 60\n    ) LOOP\n        UPDATE Loans\n        SET InterestRate = InterestRate - 1\n        WHERE LoanID = customer_rec.LoanID;\n\n        DBMS_OUTPUT.PUT_LINE('1% discount applied to LoanID: ' || customer_rec.LoanID);\n    END LOOP;\nEND;\n/
20052e26-77d5-42da-a590-b28263c58b31:1751196681018:7:S:BEGIN\n    FOR rec IN (\n        SELECT CustomerID FROM Customers WHERE Balance > 10000\n    ) LOOP\n        UPDATE Customers\n        SET IsVIP = 'Y'\n        WHERE CustomerID = rec.CustomerID;\n\n        DBMS_OUTPUT.PUT_LINE('VIP promoted: CustomerID ' || rec.CustomerID);\n    END LOOP;\nEND;\n/
085d63e2-e5c5-4141-9fe4-3b390ad303f1:1751196682296:5:S:BEGIN\n    FOR loan_rec IN (\n        SELECT l.LoanID, l.DueDate, c.Name\n        FROM Loans l\n        JOIN Customers c ON c.CustomerID = l.CustomerID\n        WHERE l.DueDate BETWEEN SYSDATE AND SYSDATE + 30\n    ) LOOP\n        DBMS_OUTPUT.PUT_LINE(\n            ' Reminder: Dear ' || loan_rec.Name || \n            ', your loan (ID: ' || loan_rec.LoanID || \n            ') is due on ' || TO_CHAR(loan_rec.DueDate, 'DD-Mon-YYYY')\n        );\n    END LOOP;\nEND;\n/
13f2da38-f9c8-47f4-a720-06184301be39:1751196701572:0:S:SET TERMOUT OFF;
038737bd-9a16-48d4-9ca8-0e6a686f929c:1751196705818:3:S:BEGIN\n    FOR customer_rec IN (\n        SELECT c.CustomerID, l.LoanID\n        FROM Customers c\n        JOIN Loans l ON c.CustomerID = l.CustomerID\n        WHERE c.Age > 60\n    ) LOOP\n        UPDATE Loans\n        SET InterestRate = InterestRate - 1\n        WHERE LoanID = customer_rec.LoanID;\n\n        DBMS_OUTPUT.PUT_LINE('1% discount applied to LoanID: ' || customer_rec.LoanID);\n    END LOOP;\nEND;\n/
e632fb34-9638-4f36-9692-db726c8d2f88:1751196706514:6:S:BEGIN\n    FOR rec IN (\n        SELECT CustomerID FROM Customers WHERE Balance > 10000\n    ) LOOP\n        UPDATE Customers\n        SET IsVIP = 'Y'\n        WHERE CustomerID = rec.CustomerID;\n\n        DBMS_OUTPUT.PUT_LINE('VIP promoted: CustomerID ' || rec.CustomerID);\n    END LOOP;\nEND;\n/
b858072d-563a-4300-b440-17ade933a756:1751196707847:5:S:BEGIN\n    FOR loan_rec IN (\n        SELECT l.LoanID, l.DueDate, c.Name\n        FROM Loans l\n        JOIN Customers c ON c.CustomerID = l.CustomerID\n        WHERE l.DueDate BETWEEN SYSDATE AND SYSDATE + 30\n    ) LOOP\n        DBMS_OUTPUT.PUT_LINE(\n            ' Reminder: Dear ' || loan_rec.Name || \n            ', your loan (ID: ' || loan_rec.LoanID || \n            ') is due on ' || TO_CHAR(loan_rec.DueDate, 'DD-Mon-YYYY')\n        );\n    END LOOP;\nEND;\n/
752603dc-9ee7-4df4-837a-7069fb1401a9:1751196736922:0:S:SET ECHO OFF;
983b8bc8-6242-425f-bbbf-2052bec40f53:1751196736998:0:S:SET FEEDBACK OFF;
264d68e3-b7b2-43f5-abba-530f93a3dfef:1751196737067:0:S:SET SERVEROUTPUT ON;
177f4f68-ae50-4ec3-9257-729f03611be0:1751196738154:5:S:BEGIN\n    FOR customer_rec IN (\n        SELECT c.CustomerID, l.LoanID\n        FROM Customers c\n        JOIN Loans l ON c.CustomerID = l.CustomerID\n        WHERE c.Age > 60\n    ) LOOP\n        UPDATE Loans\n        SET InterestRate = InterestRate - 1\n        WHERE LoanID = customer_rec.LoanID;\n\n        DBMS_OUTPUT.PUT_LINE('1% discount applied to LoanID: ' || customer_rec.LoanID);\n    END LOOP;\nEND;\n/
40f9206e-8c3c-4a76-a973-ae7a6bfb3638:1751196738864:6:S:BEGIN\n    FOR rec IN (\n        SELECT CustomerID FROM Customers WHERE Balance > 10000\n    ) LOOP\n        UPDATE Customers\n        SET IsVIP = 'Y'\n        WHERE CustomerID = rec.CustomerID;\n\n        DBMS_OUTPUT.PUT_LINE('VIP promoted: CustomerID ' || rec.CustomerID);\n    END LOOP;\nEND;\n/
d051fc14-40d3-43ef-ae57-b6a8fa14d528:1751196739915:4:S:BEGIN\n    FOR loan_rec IN (\n        SELECT l.LoanID, l.DueDate, c.Name\n        FROM Loans l\n        JOIN Customers c ON c.CustomerID = l.CustomerID\n        WHERE l.DueDate BETWEEN SYSDATE AND SYSDATE + 30\n    ) LOOP\n        DBMS_OUTPUT.PUT_LINE(\n            ' Reminder: Dear ' || loan_rec.Name || \n            ', your loan (ID: ' || loan_rec.LoanID || \n            ') is due on ' || TO_CHAR(loan_rec.DueDate, 'DD-Mon-YYYY')\n        );\n    END LOOP;\nEND;\n/
ae62c74b-6eee-4d32-a3f9-0f2e5f906bbf:1751196801149:0:S:@loan_management_operations.sql
40aef669-b91d-440f-a0d4-9c0a641e86a8:1751196823468:0:S:SET TERMOUT ON;
7531e169-ac06-40ce-8234-39c27cc288e2:1751196825780:0:S:@loan_management_operations.sql
26b5bb5a-601c-4c3a-93e9-4b37e8cbc6b5:1751196832404:0:F:clc
84e072d5-8389-4b50-9582-e30ea17d3443:1751196836203:0:S:@loan_management_operations.sql
f64a2f06-6468-4ba1-8e92-4222ba2b2b8e:1751196858123:0:S:@loan_management_operations.sql
39eb20d3-635e-47aa-9ec6-7fcc13066581:1751197040900:0:F:EXEC ProcessMonthlyInterest;
6a0a1417-080c-49bb-9e8b-0b2816c0d782:1751197050371:0:F:EXEC ProcessMonthlyInterest;
745711f5-ed4b-45ce-b082-470ab9d0857d:1751197351889:0:F:DROP TABLE Accounts CASCADE CONSTRAINTS;
7706c641-1ec1-45f1-b0c0-d5aea5011493:1751197352096:0:F:DROP TABLE Employees CASCADE CONSTRAINTS;
ac528be3-647d-46d0-bdb0-5cbdf53e4fcd:1751197352928:134:S:CREATE TABLE Accounts (\n    AccountID     NUMBER PRIMARY KEY,\n    CustomerID    NUMBER,\n    AccountType   VARCHAR2(20),\n    Balance       NUMBER\n);
439ee12f-c8da-4183-8d11-a57403df3a82:1751197353851:42:S:CREATE TABLE Employees (\n    EmployeeID     NUMBER PRIMARY KEY,\n    Name           VARCHAR2(100),\n    Salary         NUMBER,\n    DepartmentID   NUMBER\n);
d5baf2f7-3ce2-42cb-8ad6-6d8493dba5a7:1751197365798:130:S:CREATE OR REPLACE PROCEDURE TransferFunds (\n  fromAccountId IN NUMBER,\n  toAccountId IN NUMBER,\n  amount IN NUMBER\n) IS\n  fromBalance NUMBER;\nBEGIN\n  SELECT Balance INTO fromBalance FROM Accounts WHERE AccountID = fromAccountId FOR UPDATE;\n\n  IF fromBalance < amount THEN\n    RAISE_APPLICATION_ERROR(-20001, 'Insufficient balance in source account.');\n  END IF;\n\n  -- Deduct from source\n  UPDATE Accounts\n  SET Balance = Balance - amount\n  WHERE AccountID = fromAccountId;\n\n  -- Add to destination\n  UPDATE Accounts\n  SET Balance = Balance + amount\n  WHERE AccountID = toAccountId;\n\n  DBMS_OUTPUT.PUT_LINE('₹' || amount || ' transferred from AccountID ' || fromAccountId || ' to AccountID ' || toAccountId);\nEND;\n/
97fc7cc5-b997-46be-a019-895136c327cb:1751197376307:129:S:CREATE OR REPLACE PROCEDURE UpdateEmployeeBonus (\n  deptId IN NUMBER,\n  bonusPercent IN NUMBER\n) IS\nBEGIN\n  FOR emp IN (SELECT EmployeeID, Salary FROM Employees WHERE DepartmentID = deptId) LOOP\n    UPDATE Employees\n    SET Salary = Salary + (Salary * bonusPercent / 100)\n    WHERE EmployeeID = emp.EmployeeID;\n\n    DBMS_OUTPUT.PUT_LINE('Bonus applied to EmployeeID: ' || emp.EmployeeID);\n  END LOOP;\nEND;\n/
67266d36-82ac-4e87-9463-11a6ea3e89a7:1751197388046:3:S:INSERT INTO Accounts VALUES (1001, 1, 'Savings', 5000);
6d32c00d-00e8-4226-990e-6d044d35a06f:1751197388288:4:S:INSERT INTO Accounts VALUES (1002, 2, 'Savings', 10000);
315921f2-ae8f-4801-8202-f4bb2795d51b:1751197388404:3:S:INSERT INTO Accounts VALUES (1003, 3, 'Current', 20000);
17a4316a-8018-4916-ae96-ac041bb50bc4:1751197388656:4:S:INSERT INTO Employees VALUES (201, 'Vishal', 50000, 10);
6778e429-4f97-4db3-b8ad-2ce5af03bc0d:1751197388781:3:S:INSERT INTO Employees VALUES (202, 'Sanjana', 60000, 10);
88a44d1c-fad2-4a24-bde6-ee0fabfd8239:1751197388901:7:S:INSERT INTO Employees VALUES (203, 'Keerthika', 45000, 20);
f78b761d-9c06-406d-933d-b16ca64c5b14:1751197389064:1:S:COMMIT;
7f9415e7-c085-4668-8ce3-943e460cf2d9:1751197404679:0:S:SET SERVEROUTPUT ON;
d9604a40-65ce-4ffd-ba92-0cf5990853da:1751197404888:0:F:EXEC ProcessMonthlyInterest;
7a4191ce-9e16-4261-8409-1ba2d6c64aea:1751197405210:18:S:EXEC UpdateEmployeeBonus(10, 10);
ed5ed318-e400-4b03-bd01-53906362f824:1751197405461:11:S:EXEC TransferFunds(1002, 1003, 3000);
a01b0929-5f0d-4595-8a07-3989bf5f5771:1751197495571:0:S:@test_calls.sql
76093c55-6e40-4a8e-8476-5b0a5b020b59:1751197520483:0:S:@tablecre.sql
6ccb3bf2-90cc-4f3b-86ef-08ff1f19c521:1751197527798:0:S:@insert_sample_data.sql
ec18d169-c9da-4e9f-a5e6-83bf30f674ce:1751197538776:0:S:@sp_process_monthly_interest.sql
0023341d-69c0-4aaf-84a8-6f7d5f93aa97:1751197543225:0:S:@sp_update_employee_bonus.sql
7ae3db51-a126-4299-ab8b-5c859bdfb1ed:1751197547752:0:S:@sp_transfer_funds.sql
4b4fc6d7-b53a-4450-ac76-c76973444e7a:1751197551211:0:S:@test_calls.sql
4af66edf-acd9-4d68-a891-66ecf576d680:1751197563441:572:S:DROP TABLE Accounts CASCADE CONSTRAINTS;
7cf8ccc5-d11b-4bfe-8881-3a1f64d9e8bc:1751197564124:56:S:DROP TABLE Employees CASCADE CONSTRAINTS;
a22ee218-934b-4892-b5eb-6be4b0b7dc9a:1751197564843:30:S:CREATE TABLE Accounts (\n    AccountID     NUMBER PRIMARY KEY,\n    CustomerID    NUMBER,\n    AccountType   VARCHAR2(20),\n    Balance       NUMBER\n);
0fb906c4-887d-452f-9747-fe0aa33a172b:1751197565348:27:S:CREATE TABLE Employees (\n    EmployeeID     NUMBER PRIMARY KEY,\n    Name           VARCHAR2(100),\n    Salary         NUMBER,\n    DepartmentID   NUMBER\n);
58600451-86b1-4733-9b32-020157e28dff:1751197569884:0:S:SET SERVEROUTPUT ON;
bd9a166f-696f-4069-a7aa-49e5e384e223:1751197569957:0:S:SET ECHO OFF;
f2f27d51-97bb-4e51-bb7d-a0996c4fe0a5:1751197570049:0:S:SET FEEDBACK OFF;
f531e6ed-8e08-4dcd-881b-e33f029484a5:1751197570177:0:F:EXEC ProcessMonthlyInterest;
e5c6e8de-72a2-45f6-b9c3-31fc9c739717:1751197570471:69:S:EXEC UpdateEmployeeBonus(10, 10);
a6ceadbe-4e27-4dce-bb48-7364ff0bd8fa:1751197570887:0:F:EXEC TransferFunds(1002, 1003, 3000);
6ee4dc4d-190f-4986-9b52-96d71ba4c26f:1751197595119:0:S:SET SERVEROUTPUT ON;
dfefff52-d2f4-441a-a428-d99f0c482176:1751197595187:0:S:SET ECHO OFF;
09dd2f65-24c2-4336-a02b-9124539e8640:1751197595256:0:S:SET FEEDBACK OFF;
c81a425b-6cc3-49a6-be0b-6093865eb7ff:1751197595399:0:F:EXEC ProcessMonthlyInterest;
888968aa-6600-40b7-9075-505acbb09012:1751197595606:3:S:EXEC UpdateEmployeeBonus(10, 10);
231b51e6-040f-419c-bb9f-737fc29b89a1:1751197595797:0:F:EXEC TransferFunds(1002, 1003, 3000);
9a3236cb-5342-4928-99c0-e80137826c68:1751197615211:12:S:CREATE OR REPLACE PROCEDURE TransferFunds (\n  fromAccountId IN NUMBER,\n  toAccountId IN NUMBER,\n  amount IN NUMBER\n) IS\n  fromBalance NUMBER;\nBEGIN\n  SELECT Balance INTO fromBalance FROM Accounts WHERE AccountID = fromAccountId FOR UPDATE;\n\n  IF fromBalance < amount THEN\n    RAISE_APPLICATION_ERROR(-20001, 'Insufficient balance in source account.');\n  END IF;\n\n  -- Deduct from source\n  UPDATE Accounts\n  SET Balance = Balance - amount\n  WHERE AccountID = fromAccountId;\n\n  -- Add to destination\n  UPDATE Accounts\n  SET Balance = Balance + amount\n  WHERE AccountID = toAccountId;\n\n  DBMS_OUTPUT.PUT_LINE(amount || ' transferred from AccountID ' || fromAccountId || ' to AccountID ' || toAccountId);\nEND;\n/
5322a389-af20-4fa7-9309-cdcf4e6253dc:1751197796787:0:S:@tablecre.sql
87cf686c-893a-4537-891e-e2fbf6656665:1751197812049:0:S:@insert_sample_data.sql
b0544b1f-eb5b-40b6-aa65-174155bf5408:1751197822033:0:S:@sp_process_monthly_interest.sql
cec88374-7fd2-42d5-a978-a5ab13dfd22e:1751197826407:0:S:@sp_update_employee_bonus.sql
6e123369-892d-4e2f-8ec2-998c4545e7fd:1751197829446:0:S:@sp_transfer_funds.sql
29a4d7b1-041b-4987-abfe-e7d024ad765c:1751197833276:0:S:@test_calls.sql
8d6b8b36-3c96-419c-a490-36ec0ff94bfe:1751197858713:0:S:@tablecre.sql
86ae01e4-15d4-42b0-bb62-aa6621aefc01:1751197886233:0:S:@insert_sample_data.sql
0ef14ca1-7534-43fb-819a-f6d5a26035b9:1751197918006:21:S:DELETE FROM Loans;
1a117678-19bd-4071-bc2f-7d6e15a57e94:1751197918099:7:S:DELETE FROM Customers;
b39337b7-efe7-423b-9500-491d2031c1e6:1751197919554:1:S:COMMIT;
b1e5e611-5337-45cb-bb32-6851cc5fcb49:1751197926525:143:S:DROP TABLE Loans CASCADE CONSTRAINTS;
c512ff57-1da9-44a5-97fa-f1283c33da8f:1751197927418:81:S:DROP TABLE Customers CASCADE CONSTRAINTS;
506c071b-6263-4246-9502-fe06b32af217:1751197935450:0:S:@tablecre.sql
4392b998-595a-4fdf-a6ef-dbabaa5facf9:1751197941818:0:S:@insert_sample_data.sql
